Command line:
   fourtoonemultiplexer_fourtoonemultiplexer_sch_tb_isim_beh.exe
     -simmode  gui
     -simrunnum  1
     -socket  58728

Mon Jan 14 19:35:18 2019


 Elaboration Time: 0.046875 sec

 Current Memory Usage: 4859.5 Meg

 Total Signals          : 58
 Total Nets             : 28
 Total Signal Drivers   : 20
 Total Blocks           : 12
 Total Primitive Blocks : 10
 Total Processes        : 22
 Total Traceable Variables  : 24
 Total Scalar Nets and Variables : 114
Total Line Count : 39

 Total Simulation Time: 0.15625 sec

 Current Memory Usage: 5174.08 Meg

Mon Jan 14 19:36:06 2019

