--------------------------------------------------------------------------------
Release 14.7 Trace  (nt64)
Copyright (c) 1995-2013 Xilinx, Inc.  All rights reserved.

C:\Xilinx\14.7\ISE_DS\ISE\bin\nt64\unwrapped\trce.exe -intstyle ise -v 3 -s 5
-n 3 -fastpaths -xml bcd_to_7led_bh.twx bcd_to_7led_bh.ncd -o
bcd_to_7led_bh.twr bcd_to_7led_bh.pcf -ucf bcd_to_7led_bh.ucf

Design file:              bcd_to_7led_bh.ncd
Physical constraint file: bcd_to_7led_bh.pcf
Device,package,speed:     xc3s100e,cp132,-5 (PRODUCTION 1.27 2013-10-13)
Report level:             verbose report

Environment Variable      Effect 
--------------------      ------ 
NONE                      No environment variables were set
--------------------------------------------------------------------------------

INFO:Timing:2698 - No timing constraints found, doing default enumeration.
INFO:Timing:3412 - To improve timing, see the Timing Closure User Guide (UG612).
INFO:Timing:2752 - To get complete path coverage, use the unconstrained paths 
   option. All paths that are not constrained will be reported in the 
   unconstrained paths section(s) of the report.
INFO:Timing:3339 - The clock-to-out numbers in this timing report are based on 
   a 50 Ohm transmission line loading model.  For the details of this model, 
   and for more information on accounting for different loading conditions, 
   please see the device datasheet.
INFO:Timing:3390 - This architecture does not support a default System Jitter 
   value, please add SYSTEM_JITTER constraint to the UCF to modify the Clock 
   Uncertainty calculation.
INFO:Timing:3389 - This architecture does not support 'Discrete Jitter' and 
   'Phase Error' calculations, these terms will be zero in the Clock 
   Uncertainty calculation.  Please make appropriate modification to 
   SYSTEM_JITTER to account for the unsupported Discrete Jitter and Phase 
   Error.



Data Sheet report:
-----------------
All values displayed in nanoseconds (ns)

Pad to Pad
---------------+---------------+---------+
Source Pad     |Destination Pad|  Delay  |
---------------+---------------+---------+
sw0            |a              |    6.494|
sw0            |b              |    7.112|
sw0            |c              |    7.103|
sw0            |d              |    6.495|
sw0            |e              |    6.790|
sw0            |f              |    6.338|
sw0            |g              |    6.539|
sw1            |a              |    8.334|
sw1            |b              |    8.553|
sw1            |c              |    8.515|
sw1            |d              |    8.284|
sw1            |e              |    8.269|
sw1            |f              |    7.946|
sw1            |g              |    8.180|
sw2            |a              |    6.539|
sw2            |b              |    7.583|
sw2            |c              |    7.523|
sw2            |d              |    6.484|
sw2            |e              |    7.442|
sw2            |f              |    6.279|
sw2            |g              |    6.536|
sw3            |a              |    7.989|
sw3            |b              |    7.900|
sw3            |c              |    7.896|
sw3            |d              |    7.968|
sw3            |e              |    7.711|
sw3            |f              |    7.668|
sw3            |g              |    7.875|
---------------+---------------+---------+


Analysis completed Mon Jan 28 18:48:19 2019 
--------------------------------------------------------------------------------

Trace Settings:
-------------------------
Trace Settings 

Peak Memory Usage: 4485 MB



