Running: C:\Xilinx\14.7\ISE_DS\ISE\bin\nt64\unwrapped\fuse.exe -intstyle ise -incremental -lib unisims_ver -lib unimacro_ver -lib xilinxcorelib_ver -o C:/Xilinx/Projects/ee120a_L2P1_sprinkler_valve_controller/mux_tb_isim_beh.exe -prj C:/Xilinx/Projects/ee120a_L2P1_sprinkler_valve_controller/mux_tb_beh.prj work.mux_tb work.glbl 
ISim P.20131013 (signature 0x7708f090)
Number of CPUs detected in this system: 8
Turning on mult-threading, number of parallel sub-compilation jobs: 16 
Determining compilation order of HDL files
Analyzing Verilog file "C:/Xilinx/Projects/ee120a_L2P1_sprinkler_valve_controller/mux_st.v" into library work
Analyzing Verilog file "C:/Xilinx/Projects/ee120a_L2P1_sprinkler_valve_controller/mux_tb.v" into library work
Analyzing Verilog file "C:/Xilinx/14.7/ISE_DS/ISE//verilog/src/glbl.v" into library work
Starting static elaboration
Completed static elaboration
Compiling module AND3
Compiling module mux_st
Compiling module mux_tb
Compiling module glbl
Time Resolution for simulation is 1ps.
Waiting for 1 sub-compilation(s) to finish...
WARNING:Simulator - Unable to copy libPortabilityNOSH.dll to the simulation executable directory: boost::filesystem::copy_file: The system cannot find the path specified, "isim\mux_tb_isim_beh.exe.sim\libPortability.dll".
Compiled 4 Verilog Units
Built simulation executable C:/Xilinx/Projects/ee120a_L2P1_sprinkler_valve_controller/mux_tb_isim_beh.exe
Fuse Memory Usage: 27520 KB
Fuse CPU Usage: 624 ms
