--------------------------------------------------------------------------------
Release 14.7 Trace  (nt64)
Copyright (c) 1995-2013 Xilinx, Inc.  All rights reserved.

C:\Xilinx\14.7\ISE_DS\ISE\bin\nt64\unwrapped\trce.exe -intstyle ise -v 3 -s 5
-n 3 -fastpaths -xml sprinkler_circuit.twx sprinkler_circuit.ncd -o
sprinkler_circuit.twr sprinkler_circuit.pcf -ucf sprinkler_circuit.ucf

Design file:              sprinkler_circuit.ncd
Physical constraint file: sprinkler_circuit.pcf
Device,package,speed:     xc3s100e,cp132,-5 (PRODUCTION 1.27 2013-10-13)
Report level:             verbose report

Environment Variable      Effect 
--------------------      ------ 
NONE                      No environment variables were set
--------------------------------------------------------------------------------

INFO:Timing:2698 - No timing constraints found, doing default enumeration.
INFO:Timing:3412 - To improve timing, see the Timing Closure User Guide (UG612).
INFO:Timing:2752 - To get complete path coverage, use the unconstrained paths 
   option. All paths that are not constrained will be reported in the 
   unconstrained paths section(s) of the report.
INFO:Timing:3339 - The clock-to-out numbers in this timing report are based on 
   a 50 Ohm transmission line loading model.  For the details of this model, 
   and for more information on accounting for different loading conditions, 
   please see the device datasheet.
INFO:Timing:3390 - This architecture does not support a default System Jitter 
   value, please add SYSTEM_JITTER constraint to the UCF to modify the Clock 
   Uncertainty calculation.
INFO:Timing:3389 - This architecture does not support 'Discrete Jitter' and 
   'Phase Error' calculations, these terms will be zero in the Clock 
   Uncertainty calculation.  Please make appropriate modification to 
   SYSTEM_JITTER to account for the unsupported Discrete Jitter and Phase 
   Error.



Data Sheet report:
-----------------
All values displayed in nanoseconds (ns)

Pad to Pad
---------------+---------------+---------+
Source Pad     |Destination Pad|  Delay  |
---------------+---------------+---------+
a              |d0             |    6.750|
a              |d1             |    7.794|
a              |d2             |    7.126|
a              |d3             |    7.730|
a              |d4             |    7.722|
a              |d5             |    6.412|
a              |d6             |    7.110|
a              |d7             |    7.081|
b              |d0             |    6.609|
b              |d1             |    6.990|
b              |d2             |    7.551|
b              |d3             |    6.888|
b              |d4             |    6.851|
b              |d5             |    6.781|
b              |d6             |    6.279|
b              |d7             |    6.911|
c              |d0             |    7.082|
c              |d1             |    6.621|
c              |d2             |    6.756|
c              |d3             |    6.376|
c              |d4             |    6.317|
c              |d5             |    6.019|
c              |d6             |    5.904|
c              |d7             |    7.418|
enable         |d0             |    6.195|
enable         |d1             |    6.598|
enable         |d2             |    6.307|
enable         |d3             |    6.401|
enable         |d4             |    6.398|
enable         |d5             |    5.543|
enable         |d6             |    5.937|
enable         |d7             |    6.475|
---------------+---------------+---------+


Analysis completed Mon Jan 28 18:04:38 2019 
--------------------------------------------------------------------------------

Trace Settings:
-------------------------
Trace Settings 

Peak Memory Usage: 4488 MB



